<?xml version="1.0" encoding="UTF-8"?>
<testng-results ignored="0" total="1" passed="1" failed="0" skipped="0">
  <reporter-output>
  </reporter-output>
  <suite started-at="2025-02-27T13:35:45 IST" name="Default suite" finished-at="2025-02-27T13:36:39 IST" duration-ms="54535">
    <groups>
    </groups>
    <test started-at="2025-02-27T13:35:45 IST" name="Default test" finished-at="2025-02-27T13:36:39 IST" duration-ms="54535">
      <class name="testcases.TestCase">
        <test-method is-config="true" signature="setUp()[pri:0, instance:testcases.TestCase@33d512c1]" started-at="2025-02-27T13:35:45 IST" name="setUp" finished-at="2025-02-27T13:36:09 IST" duration-ms="23708" status="PASS">
          <reporter-output>
          </reporter-output>
        </test-method> <!-- setUp -->
        <test-method is-config="true" signature="config()[pri:0, instance:testcases.TestCase@33d512c1]" started-at="2025-02-27T13:36:09 IST" name="config" finished-at="2025-02-27T13:36:09 IST" duration-ms="5" status="PASS">
          <reporter-output>
          </reporter-output>
        </test-method> <!-- config -->
        <test-method signature="testcase1()[pri:0, instance:testcases.TestCase@33d512c1]" started-at="2025-02-27T13:36:09 IST" name="testcase1" finished-at="2025-02-27T13:36:39 IST" duration-ms="30289" status="PASS">
          <reporter-output>
          </reporter-output>
        </test-method> <!-- testcase1 -->
        <test-method is-config="true" signature="exit()[pri:0, instance:testcases.TestCase@33d512c1]" started-at="2025-02-27T13:36:39 IST" name="exit" finished-at="2025-02-27T13:36:39 IST" duration-ms="466" status="PASS">
          <reporter-output>
          </reporter-output>
        </test-method> <!-- exit -->
      </class> <!-- testcases.TestCase -->
    </test> <!-- Default test -->
  </suite> <!-- Default suite -->
</testng-results>
